# JRE version: 7.0_25-b17
# Java VM: Java HotSpot(TM) 64-Bit Server VM (23.25-b01 mixed mode windows-amd64 compressed oops)
Heap
 PSYoungGen      total 70016K, used 21743K [0x00000000eaab0000, 0x00000000ef450000, 0x0000000100000000)
  eden space 64640K, 25% used [0x00000000eaab0000,0x00000000ebab3338,0x00000000ee9d0000)
  from space 5376K, 99% used [0x00000000eef10000,0x00000000ef448a68,0x00000000ef450000)
  to   space 5376K, 0% used [0x00000000ee9d0000,0x00000000ee9d0000,0x00000000eef10000)
 ParOldGen       total 86144K, used 47410K [0x00000000c0000000, 0x00000000c5420000, 0x00000000eaab0000)
  object space 86144K, 55% used [0x00000000c0000000,0x00000000c2e4cb38,0x00000000c5420000)
 PSPermGen       total 21248K, used 6120K [0x00000000bae00000, 0x00000000bc2c0000, 0x00000000c0000000)
  object space 21248K, 28% used [0x00000000bae00000,0x00000000bb3fa1e0,0x00000000bc2c0000)
GC Heap History (10 events):
Event: 6.032 GC heap before
{Heap before GC invocations=2 (full 0):
 PSYoungGen      total 37696K, used 37690K [0x00000000eaab0000, 0x00000000ef450000, 0x0000000100000000)
  eden space 32320K, 100% used [0x00000000eaab0000,0x00000000eca40000,0x00000000eca40000)
  from space 5376K, 99% used [0x00000000eca40000,0x00000000ecf7e978,0x00000000ecf80000)
  to   space 5376K, 0% used [0x00000000eef10000,0x00000000eef10000,0x00000000ef450000)
 ParOldGen       total 86144K, used 2142K [0x00000000c0000000, 0x00000000c5420000, 0x00000000eaab0000)
  object space 86144K, 2% used [0x00000000c0000000,0x00000000c02179a0,0x00000000c5420000)
 PSPermGen       total 21248K, used 5956K [0x00000000bae00000, 0x00000000bc2c0000, 0x00000000c0000000)
  object space 21248K, 28% used [0x00000000bae00000,0x00000000bb3d1378,0x00000000bc2c0000)
Event: 6.522 GC heap after
Heap after GC invocations=2 (full 0):
 PSYoungGen      total 70016K, used 5373K [0x00000000eaab0000, 0x00000000ef450000, 0x0000000100000000)
  eden space 64640K, 0% used [0x00000000eaab0000,0x00000000eaab0000,0x00000000ee9d0000)
  from space 5376K, 99% used [0x00000000eef10000,0x00000000ef44f460,0x00000000ef450000)
  to   space 5376K, 0% used [0x00000000ee9d0000,0x00000000ee9d0000,0x00000000eef10000)
 ParOldGen       total 86144K, used 5564K [0x00000000c0000000, 0x00000000c5420000, 0x00000000eaab0000)
  object space 86144K, 6% used [0x00000000c0000000,0x00000000c056f100,0x00000000c5420000)
 PSPermGen       total 21248K, used 5956K [0x00000000bae00000, 0x00000000bc2c0000, 0x00000000c0000000)
  object space 21248K, 28% used [0x00000000bae00000,0x00000000bb3d1378,0x00000000bc2c0000)
}
Event: 9.233 GC heap before
{Heap before GC invocations=3 (full 0):
 PSYoungGen      total 70016K, used 70013K [0x00000000eaab0000, 0x00000000ef450000, 0x0000000100000000)
  eden space 64640K, 100% used [0x00000000eaab0000,0x00000000ee9d0000,0x00000000ee9d0000)
  from space 5376K, 99% used [0x00000000eef10000,0x00000000ef44f460,0x00000000ef450000)
  to   space 5376K, 0% used [0x00000000ee9d0000,0x00000000ee9d0000,0x00000000eef10000)
 ParOldGen       total 86144K, used 5564K [0x00000000c0000000, 0x00000000c5420000, 0x00000000eaab0000)
  object space 86144K, 6% used [0x00000000c0000000,0x00000000c056f100,0x00000000c5420000)
 PSPermGen       total 21248K, used 6026K [0x00000000bae00000, 0x00000000bc2c0000, 0x00000000c0000000)
  object space 21248K, 28% used [0x00000000bae00000,0x00000000bb3e2838,0x00000000bc2c0000)
Event: 9.395 GC heap after
Heap after GC invocations=3 (full 0):
 PSYoungGen      total 70016K, used 5348K [0x00000000eaab0000, 0x00000000ef450000, 0x0000000100000000)
  eden space 64640K, 0% used [0x00000000eaab0000,0x00000000eaab0000,0x00000000ee9d0000)
  from space 5376K, 99% used [0x00000000ee9d0000,0x00000000eef09338,0x00000000eef10000)
  to   space 5376K, 0% used [0x00000000eef10000,0x00000000eef10000,0x00000000ef450000)
 ParOldGen       total 86144K, used 14834K [0x00000000c0000000, 0x00000000c5420000, 0x00000000eaab0000)
  object space 86144K, 17% used [0x00000000c0000000,0x00000000c0e7c9a0,0x00000000c5420000)
 PSPermGen       total 21248K, used 6026K [0x00000000bae00000, 0x00000000bc2c0000, 0x00000000c0000000)
  object space 21248K, 28% used [0x00000000bae00000,0x00000000bb3e2838,0x00000000bc2c0000)
}
Event: 10.744 GC heap before
{Heap before GC invocations=4 (full 0):
 PSYoungGen      total 70016K, used 69988K [0x00000000eaab0000, 0x00000000ef450000, 0x0000000100000000)
  eden space 64640K, 100% used [0x00000000eaab0000,0x00000000ee9d0000,0x00000000ee9d0000)
  from space 5376K, 99% used [0x00000000ee9d0000,0x00000000eef09338,0x00000000eef10000)
  to   space 5376K, 0% used [0x00000000eef10000,0x00000000eef10000,0x00000000ef450000)
 ParOldGen       total 86144K, used 14834K [0x00000000c0000000, 0x00000000c5420000, 0x00000000eaab0000)
  object space 86144K, 17% used [0x00000000c0000000,0x00000000c0e7c9a0,0x00000000c5420000)
 PSPermGen       total 21248K, used 6055K [0x00000000bae00000, 0x00000000bc2c0000, 0x00000000c0000000)
  object space 21248K, 28% used [0x00000000bae00000,0x00000000bb3e9f70,0x00000000bc2c0000)
Event: 10.952 GC heap after
Heap after GC invocations=4 (full 0):
 PSYoungGen      total 70016K, used 5356K [0x00000000eaab0000, 0x00000000ef450000, 0x0000000100000000)
  eden space 64640K, 0% used [0x00000000eaab0000,0x00000000eaab0000,0x00000000ee9d0000)
  from space 5376K, 99% used [0x00000000eef10000,0x00000000ef44b3d8,0x00000000ef450000)
  to   space 5376K, 0% used [0x00000000ee9d0000,0x00000000ee9d0000,0x00000000eef10000)
 ParOldGen       total 86144K, used 25616K [0x00000000c0000000, 0x00000000c5420000, 0x00000000eaab0000)
  object space 86144K, 29% used [0x00000000c0000000,0x00000000c1904328,0x00000000c5420000)
 PSPermGen       total 21248K, used 6055K [0x00000000bae00000, 0x00000000bc2c0000, 0x00000000c0000000)
  object space 21248K, 28% used [0x00000000bae00000,0x00000000bb3e9f70,0x00000000bc2c0000)
}
Event: 11.385 GC heap before
{Heap before GC invocations=5 (full 0):
 PSYoungGen      total 70016K, used 69996K [0x00000000eaab0000, 0x00000000ef450000, 0x0000000100000000)
  eden space 64640K, 100% used [0x00000000eaab0000,0x00000000ee9d0000,0x00000000ee9d0000)
  from space 5376K, 99% used [0x00000000eef10000,0x00000000ef44b3d8,0x00000000ef450000)
  to   space 5376K, 0% used [0x00000000ee9d0000,0x00000000ee9d0000,0x00000000eef10000)
 ParOldGen       total 86144K, used 25616K [0x00000000c0000000, 0x00000000c5420000, 0x00000000eaab0000)
  object space 86144K, 29% used [0x00000000c0000000,0x00000000c1904328,0x00000000c5420000)
 PSPermGen       total 21248K, used 6071K [0x00000000bae00000, 0x00000000bc2c0000, 0x00000000c0000000)
  object space 21248K, 28% used [0x00000000bae00000,0x00000000bb3edd10,0x00000000bc2c0000)
Event: 11.545 GC heap after
Heap after GC invocations=5 (full 0):
 PSYoungGen      total 70016K, used 5362K [0x00000000eaab0000, 0x00000000ef450000, 0x0000000100000000)
  eden space 64640K, 0% used [0x00000000eaab0000,0x00000000eaab0000,0x00000000ee9d0000)
  from space 5376K, 99% used [0x00000000ee9d0000,0x00000000eef0cac8,0x00000000eef10000)
  to   space 5376K, 0% used [0x00000000eef10000,0x00000000eef10000,0x00000000ef450000)
 ParOldGen       total 86144K, used 36716K [0x00000000c0000000, 0x00000000c5420000, 0x00000000eaab0000)
  object space 86144K, 42% used [0x00000000c0000000,0x00000000c23db320,0x00000000c5420000)
 PSPermGen       total 21248K, used 6071K [0x00000000bae00000, 0x00000000bc2c0000, 0x00000000c0000000)
  object space 21248K, 28% used [0x00000000bae00000,0x00000000bb3edd10,0x00000000bc2c0000)
}
Event: 11.906 GC heap before
{Heap before GC invocations=6 (full 0):
 PSYoungGen      total 70016K, used 70002K [0x00000000eaab0000, 0x00000000ef450000, 0x0000000100000000)
  eden space 64640K, 100% used [0x00000000eaab0000,0x00000000ee9d0000,0x00000000ee9d0000)
  from space 5376K, 99% used [0x00000000ee9d0000,0x00000000eef0cac8,0x00000000eef10000)
  to   space 5376K, 0% used [0x00000000eef10000,0x00000000eef10000,0x00000000ef450000)
 ParOldGen       total 86144K, used 36716K [0x00000000c0000000, 0x00000000c5420000, 0x00000000eaab0000)
  object space 86144K, 42% used [0x00000000c0000000,0x00000000c23db320,0x00000000c5420000)
 PSPermGen       total 21248K, used 6095K [0x00000000bae00000, 0x00000000bc2c0000, 0x00000000c0000000)
  object space 21248K, 28% used [0x00000000bae00000,0x00000000bb3f3ec0,0x00000000bc2c0000)
Event: 12.008 GC heap after
Heap after GC invocations=6 (full 0):
 PSYoungGen      total 70016K, used 5346K [0x00000000eaab0000, 0x00000000ef450000, 0x0000000100000000)
  eden space 64640K, 0% used [0x00000000eaab0000,0x00000000eaab0000,0x00000000ee9d0000)
  from space 5376K, 99% used [0x00000000eef10000,0x00000000ef448a68,0x00000000ef450000)
  to   space 5376K, 0% used [0x00000000ee9d0000,0x00000000ee9d0000,0x00000000eef10000)
 ParOldGen       total 86144K, used 47410K [0x00000000c0000000, 0x00000000c5420000, 0x00000000eaab0000)
  object space 86144K, 55% used [0x00000000c0000000,0x00000000c2e4cb38,0x00000000c5420000)
 PSPermGen       total 21248K, used 6095K [0x00000000bae00000, 0x00000000bc2c0000, 0x00000000c0000000)
  object space 21248K, 28% used [0x00000000bae00000,0x00000000bb3f3ec0,0x00000000bc2c0000)
}

